TN:
SF:server.js
FN:20,authenticateToken
FN:26,(anonymous_1)
FN:41,(anonymous_2)
FN:42,(anonymous_3)
FN:64,(anonymous_4)
FN:93,(anonymous_5)
FN:107,(anonymous_6)
FN:123,(anonymous_7)
FN:135,(anonymous_8)
FN:146,(anonymous_9)
FN:157,(anonymous_10)
FNF:11
FNH:10
FNDA:6,authenticateToken
FNDA:5,(anonymous_1)
FNDA:1,(anonymous_2)
FNDA:1,(anonymous_3)
FNDA:1,(anonymous_4)
FNDA:1,(anonymous_5)
FNDA:1,(anonymous_6)
FNDA:1,(anonymous_7)
FNDA:1,(anonymous_8)
FNDA:0,(anonymous_9)
FNDA:1,(anonymous_10)
DA:1,1
DA:2,1
DA:3,1
DA:4,1
DA:5,1
DA:6,1
DA:7,1
DA:8,1
DA:9,1
DA:11,1
DA:12,1
DA:13,1
DA:16,1
DA:17,1
DA:21,6
DA:22,6
DA:24,6
DA:26,5
DA:27,5
DA:28,5
DA:29,5
DA:34,1
DA:35,1
DA:36,0
DA:40,1
DA:41,1
DA:43,1
DA:44,1
DA:45,1
DA:48,1
DA:51,1
DA:54,1
DA:62,1
DA:64,1
DA:65,1
DA:66,1
DA:67,1
DA:69,1
DA:70,1
DA:74,1
DA:76,1
DA:88,0
DA:89,0
DA:93,1
DA:94,1
DA:95,1
DA:96,1
DA:100,1
DA:102,0
DA:103,0
DA:107,1
DA:108,1
DA:109,1
DA:110,1
DA:111,1
DA:115,1
DA:116,1
DA:118,0
DA:119,0
DA:123,1
DA:124,1
DA:125,1
DA:126,1
DA:127,1
DA:128,1
DA:130,0
DA:131,0
DA:135,1
DA:136,1
DA:138,1
DA:139,1
DA:146,1
DA:147,0
DA:148,0
DA:149,0
DA:151,0
DA:152,0
DA:157,1
DA:158,1
DA:161,1
LF:80
LH:66
BRDA:22,0,0,6
BRDA:22,0,1,5
BRDA:24,1,0,1
BRDA:24,1,1,5
BRDA:27,2,0,0
BRDA:27,2,1,5
BRDA:35,3,0,0
BRDA:35,3,1,1
BRDA:65,4,0,1
BRDA:65,4,1,1
BRDA:66,5,0,1
BRDA:66,5,1,1
BRDA:115,6,0,0
BRDA:115,6,1,1
BRDA:127,7,0,0
BRDA:127,7,1,1
BRDA:136,8,0,0
BRDA:136,8,1,1
BRF:18
BRH:13
end_of_record
