TN:
SF:server.js
FN:20,authenticateToken
FN:26,(anonymous_1)
FN:41,(anonymous_2)
FN:42,(anonymous_3)
FN:64,(anonymous_4)
FN:93,(anonymous_5)
FN:107,(anonymous_6)
FN:123,(anonymous_7)
FN:135,(anonymous_8)
FN:146,(anonymous_9)
FN:157,(anonymous_10)
FNF:11
FNH:11
FNDA:9,authenticateToken
FNDA:8,(anonymous_1)
FNDA:1,(anonymous_2)
FNDA:1,(anonymous_3)
FNDA:1,(anonymous_4)
FNDA:3,(anonymous_5)
FNDA:1,(anonymous_6)
FNDA:1,(anonymous_7)
FNDA:1,(anonymous_8)
FNDA:1,(anonymous_9)
FNDA:1,(anonymous_10)
DA:1,1
DA:2,1
DA:3,1
DA:4,1
DA:5,1
DA:6,1
DA:7,1
DA:8,1
DA:9,1
DA:11,1
DA:12,1
DA:13,1
DA:16,1
DA:17,1
DA:21,9
DA:22,9
DA:24,9
DA:26,8
DA:27,8
DA:28,8
DA:29,8
DA:34,1
DA:35,1
DA:36,0
DA:40,1
DA:41,1
DA:43,1
DA:44,1
DA:45,1
DA:48,1
DA:51,1
DA:54,1
DA:62,1
DA:64,1
DA:65,1
DA:66,1
DA:67,1
DA:69,1
DA:70,1
DA:74,0
DA:76,0
DA:88,1
DA:89,1
DA:93,1
DA:94,3
DA:95,3
DA:96,3
DA:100,0
DA:102,3
DA:103,3
DA:107,1
DA:108,1
DA:109,1
DA:110,1
DA:111,1
DA:115,0
DA:116,0
DA:118,1
DA:119,1
DA:123,1
DA:124,1
DA:125,1
DA:126,1
DA:127,0
DA:128,0
DA:130,1
DA:131,1
DA:135,1
DA:136,1
DA:138,1
DA:139,1
DA:146,1
DA:147,1
DA:148,1
DA:149,0
DA:151,1
DA:152,1
DA:157,1
DA:158,1
DA:161,1
LF:80
LH:71
BRDA:22,0,0,9
BRDA:22,0,1,8
BRDA:24,1,0,1
BRDA:24,1,1,8
BRDA:27,2,0,0
BRDA:27,2,1,8
BRDA:35,3,0,0
BRDA:35,3,1,1
BRDA:65,4,0,1
BRDA:65,4,1,1
BRDA:66,5,0,1
BRDA:66,5,1,1
BRDA:115,6,0,0
BRDA:115,6,1,0
BRDA:127,7,0,0
BRDA:127,7,1,0
BRDA:136,8,0,0
BRDA:136,8,1,1
BRF:18
BRH:11
end_of_record
